<?xml version="1.0" encoding="UTF-8"?>
<!-- Generated by org.testng.reporters.JUnitReportReporter -->
<testsuite hostname="DESKTOP-RI1C5MC" failures="0" tests="1" name="com.webtest.demo.PhotoMail" time="0.013" errors="0" timestamp="23 11æœˆ 2018 00:51:06 GMT" skipped="0">
  <testcase classname="com.webtest.demo.PhotoMail" name="changeIframe" time="0.013"/>
</testsuite> <!-- com.webtest.demo.PhotoMail -->
